<?xml version="1.0" encoding="UTF-8"?>
<testsuite name="com.minionz.backend.user.service.UserServiceTest" tests="6" skipped="0" failures="0" errors="0" timestamp="2021-10-11T06:57:17" hostname="eojeong-yun-ui-MacBookPro.local" time="0.419">
  <properties/>
  <testcase name="로그인_비밀번호_불일치_테스트()" classname="com.minionz.backend.user.service.UserServiceTest" time="0.368"/>
  <testcase name="회원가입_성공_테스트()" classname="com.minionz.backend.user.service.UserServiceTest" time="0.014"/>
  <testcase name="로그인_아이디_불일치_테스트()" classname="com.minionz.backend.user.service.UserServiceTest" time="0.007"/>
  <testcase name="회원탈퇴_성공_테스트()" classname="com.minionz.backend.user.service.UserServiceTest" time="0.008"/>
  <testcase name="로그인_성공_테스트()" classname="com.minionz.backend.user.service.UserServiceTest" time="0.008"/>
  <testcase name="회원중복_성공_테스트()" classname="com.minionz.backend.user.service.UserServiceTest" time="0.009"/>
  <system-out><![CDATA[15:57:14.061 [Test worker] DEBUG org.springframework.test.context.BootstrapUtils - Instantiating CacheAwareContextLoaderDelegate from class [org.springframework.test.context.cache.DefaultCacheAwareContextLoaderDelegate]
15:57:14.074 [Test worker] DEBUG org.springframework.test.context.BootstrapUtils - Instantiating BootstrapContext using constructor [public org.springframework.test.context.support.DefaultBootstrapContext(java.lang.Class,org.springframework.test.context.CacheAwareContextLoaderDelegate)]
15:57:14.102 [Test worker] DEBUG org.springframework.test.context.BootstrapUtils - Instantiating TestContextBootstrapper for test class [com.minionz.backend.user.service.UserServiceTest] from class [org.springframework.boot.test.context.SpringBootTestContextBootstrapper]
15:57:14.111 [Test worker] INFO org.springframework.boot.test.context.SpringBootTestContextBootstrapper - Neither @ContextConfiguration nor @ContextHierarchy found for test class [com.minionz.backend.user.service.UserServiceTest], using SpringBootContextLoader
15:57:14.114 [Test worker] DEBUG org.springframework.test.context.support.AbstractContextLoader - Did not detect default resource location for test class [com.minionz.backend.user.service.UserServiceTest]: class path resource [com/minionz/backend/user/service/UserServiceTest-context.xml] does not exist
15:57:14.114 [Test worker] DEBUG org.springframework.test.context.support.AbstractContextLoader - Did not detect default resource location for test class [com.minionz.backend.user.service.UserServiceTest]: class path resource [com/minionz/backend/user/service/UserServiceTestContext.groovy] does not exist
15:57:14.115 [Test worker] INFO org.springframework.test.context.support.AbstractContextLoader - Could not detect default resource locations for test class [com.minionz.backend.user.service.UserServiceTest]: no resource found for suffixes {-context.xml, Context.groovy}.
15:57:14.115 [Test worker] INFO org.springframework.test.context.support.AnnotationConfigContextLoaderUtils - Could not detect default configuration classes for test class [com.minionz.backend.user.service.UserServiceTest]: UserServiceTest does not declare any static, non-private, non-final, nested classes annotated with @Configuration.
15:57:14.151 [Test worker] DEBUG org.springframework.test.context.support.ActiveProfilesUtils - Could not find an 'annotation declaring class' for annotation type [org.springframework.test.context.ActiveProfiles] and class [com.minionz.backend.user.service.UserServiceTest]
15:57:14.205 [Test worker] DEBUG org.springframework.context.annotation.ClassPathScanningCandidateComponentProvider - Identified candidate component class: file [/Users/yurr/IdeaProjects/springboot-study-project-qrna/backend/build/classes/java/main/com/minionz/backend/BackendApplication.class]
15:57:14.208 [Test worker] INFO org.springframework.boot.test.context.SpringBootTestContextBootstrapper - Found @SpringBootConfiguration com.minionz.backend.BackendApplication for test class com.minionz.backend.user.service.UserServiceTest
15:57:14.308 [Test worker] DEBUG org.springframework.boot.test.context.SpringBootTestContextBootstrapper - @TestExecutionListeners is not present for class [com.minionz.backend.user.service.UserServiceTest]: using defaults.
15:57:14.308 [Test worker] INFO org.springframework.boot.test.context.SpringBootTestContextBootstrapper - Loaded default TestExecutionListener class names from location [META-INF/spring.factories]: [org.springframework.boot.test.autoconfigure.restdocs.RestDocsTestExecutionListener, org.springframework.boot.test.autoconfigure.web.client.MockRestServiceServerResetTestExecutionListener, org.springframework.boot.test.autoconfigure.web.servlet.MockMvcPrintOnlyOnFailureTestExecutionListener, org.springframework.boot.test.autoconfigure.web.servlet.WebDriverTestExecutionListener, org.springframework.boot.test.autoconfigure.webservices.client.MockWebServiceServerTestExecutionListener, org.springframework.boot.test.mock.mockito.MockitoTestExecutionListener, org.springframework.boot.test.mock.mockito.ResetMocksTestExecutionListener, org.springframework.test.context.web.ServletTestExecutionListener, org.springframework.test.context.support.DirtiesContextBeforeModesTestExecutionListener, org.springframework.test.context.event.ApplicationEventsTestExecutionListener, org.springframework.test.context.support.DependencyInjectionTestExecutionListener, org.springframework.test.context.support.DirtiesContextTestExecutionListener, org.springframework.test.context.transaction.TransactionalTestExecutionListener, org.springframework.test.context.jdbc.SqlScriptsTestExecutionListener, org.springframework.test.context.event.EventPublishingTestExecutionListener]
15:57:14.325 [Test worker] INFO org.springframework.boot.test.context.SpringBootTestContextBootstrapper - Using TestExecutionListeners: [org.springframework.test.context.web.ServletTestExecutionListener@4362d7df, org.springframework.test.context.support.DirtiesContextBeforeModesTestExecutionListener@66238be2, org.springframework.test.context.event.ApplicationEventsTestExecutionListener@1c25b8a7, org.springframework.boot.test.mock.mockito.MockitoTestExecutionListener@200606de, org.springframework.boot.test.autoconfigure.SpringBootDependencyInjectionTestExecutionListener@750fe12e, org.springframework.test.context.support.DirtiesContextTestExecutionListener@f8908f6, org.springframework.test.context.transaction.TransactionalTestExecutionListener@3e587920, org.springframework.test.context.jdbc.SqlScriptsTestExecutionListener@2ef8a8c3, org.springframework.test.context.event.EventPublishingTestExecutionListener@24f43aa3, org.springframework.boot.test.autoconfigure.restdocs.RestDocsTestExecutionListener@63fd4873, org.springframework.boot.test.autoconfigure.web.client.MockRestServiceServerResetTestExecutionListener@1e11bc55, org.springframework.boot.test.autoconfigure.web.servlet.MockMvcPrintOnlyOnFailureTestExecutionListener@7544a1e4, org.springframework.boot.test.autoconfigure.web.servlet.WebDriverTestExecutionListener@70e0accd, org.springframework.boot.test.autoconfigure.webservices.client.MockWebServiceServerTestExecutionListener@7957dc72, org.springframework.boot.test.mock.mockito.ResetMocksTestExecutionListener@6ab72419]
15:57:14.328 [Test worker] DEBUG org.springframework.test.context.support.AbstractDirtiesContextTestExecutionListener - Before test class: context [DefaultTestContext@1e886a5b testClass = UserServiceTest, testInstance = [null], testMethod = [null], testException = [null], mergedContextConfiguration = [WebMergedContextConfiguration@d816dde testClass = UserServiceTest, locations = '{}', classes = '{class com.minionz.backend.BackendApplication}', contextInitializerClasses = '[]', activeProfiles = '{}', propertySourceLocations = '{}', propertySourceProperties = '{org.springframework.boot.test.context.SpringBootTestContextBootstrapper=true}', contextCustomizers = set[org.springframework.boot.test.autoconfigure.actuate.metrics.MetricsExportContextCustomizerFactory$DisableMetricExportContextCustomizer@53dacd14, org.springframework.boot.test.autoconfigure.properties.PropertyMappingContextCustomizer@0, org.springframework.boot.test.autoconfigure.web.servlet.WebDriverContextCustomizerFactory$Customizer@4409e975, org.springframework.boot.test.context.filter.ExcludeFilterContextCustomizer@bff34c6, org.springframework.boot.test.json.DuplicateJsonObjectContextCustomizerFactory$DuplicateJsonObjectContextCustomizer@5644dc81, org.springframework.boot.test.mock.mockito.MockitoContextCustomizer@0, org.springframework.boot.test.web.client.TestRestTemplateContextCustomizer@3b2c0e88, org.springframework.boot.test.context.SpringBootTestArgs@1, org.springframework.boot.test.context.SpringBootTestWebEnvironment@64b0598], resourceBasePath = 'src/main/webapp', contextLoader = 'org.springframework.boot.test.context.SpringBootContextLoader', parent = [null]], attributes = map['org.springframework.test.context.web.ServletTestExecutionListener.activateListener' -> true]], class annotated with @DirtiesContext [false] with mode [null].
15:57:14.360 [Test worker] DEBUG org.springframework.test.context.support.TestPropertySourceUtils - Adding inlined properties to environment: {spring.jmx.enabled=false, org.springframework.boot.test.context.SpringBootTestContextBootstrapper=true}

  .   ____          _            __ _ _
 /\\ / ___'_ __ _ _(_)_ __  __ _ \ \ \ \
( ( )\___ | '_ | '_| | '_ \/ _` | \ \ \ \
 \\/  ___)| |_)| | | | | || (_| |  ) ) ) )
  '  |____| .__|_| |_|_| |_\__, | / / / /
 =========|_|==============|___/=/_/_/_/
 :: Spring Boot ::                (v2.5.5)

2021-10-11 15:57:14.639  INFO 90614 --- [    Test worker] c.m.b.user.service.UserServiceTest       : Starting UserServiceTest using Java 11.0.10 on eojeong-yun-ui-MacBookPro.local with PID 90614 (started by yurr in /Users/yurr/IdeaProjects/springboot-study-project-qrna/backend)
2021-10-11 15:57:14.640  INFO 90614 --- [    Test worker] c.m.b.user.service.UserServiceTest       : The following profiles are active: oauth
2021-10-11 15:57:15.272  INFO 90614 --- [    Test worker] .s.d.r.c.RepositoryConfigurationDelegate : Bootstrapping Spring Data JPA repositories in DEFAULT mode.
2021-10-11 15:57:15.327  INFO 90614 --- [    Test worker] .s.d.r.c.RepositoryConfigurationDelegate : Finished Spring Data repository scanning in 46 ms. Found 3 JPA repository interfaces.
2021-10-11 15:57:15.771  INFO 90614 --- [    Test worker] o.hibernate.jpa.internal.util.LogHelper  : HHH000204: Processing PersistenceUnitInfo [name: default]
2021-10-11 15:57:15.819  INFO 90614 --- [    Test worker] org.hibernate.Version                    : HHH000412: Hibernate ORM core version 5.4.32.Final
2021-10-11 15:57:15.948  INFO 90614 --- [    Test worker] o.hibernate.annotations.common.Version   : HCANN000001: Hibernate Commons Annotations {5.1.2.Final}
2021-10-11 15:57:16.047  INFO 90614 --- [    Test worker] com.zaxxer.hikari.HikariDataSource       : HikariPool-1 - Starting...
2021-10-11 15:57:16.208  INFO 90614 --- [    Test worker] com.zaxxer.hikari.HikariDataSource       : HikariPool-1 - Start completed.
2021-10-11 15:57:16.229  INFO 90614 --- [    Test worker] org.hibernate.dialect.Dialect            : HHH000400: Using dialect: org.hibernate.dialect.MySQL57Dialect
2021-10-11 15:57:16.938  INFO 90614 --- [    Test worker] o.h.e.t.j.p.i.JtaPlatformInitiator       : HHH000490: Using JtaPlatform implementation: [org.hibernate.engine.transaction.jta.platform.internal.NoJtaPlatform]
2021-10-11 15:57:16.945  INFO 90614 --- [    Test worker] j.LocalContainerEntityManagerFactoryBean : Initialized JPA EntityManagerFactory for persistence unit 'default'
2021-10-11 15:57:17.515  WARN 90614 --- [    Test worker] JpaBaseConfiguration$JpaWebConfiguration : spring.jpa.open-in-view is enabled by default. Therefore, database queries may be performed during view rendering. Explicitly configure spring.jpa.open-in-view to disable this warning
2021-10-11 15:57:17.732  INFO 90614 --- [    Test worker] o.s.b.a.h2.H2ConsoleAutoConfiguration    : H2 console available at '/h2-console'. Database available at 'jdbc:h2:mem:testdb'
2021-10-11 15:57:17.777  INFO 90614 --- [    Test worker] o.s.b.a.w.s.WelcomePageHandlerMapping    : Adding welcome page: class path resource [static/index.html]
2021-10-11 15:57:17.980  INFO 90614 --- [    Test worker] c.m.b.user.service.UserServiceTest       : Started UserServiceTest in 3.612 seconds (JVM running for 4.739)
]]></system-out>
  <system-err><![CDATA[]]></system-err>
</testsuite>
